TN:
SF:src\router.ts
FN:25,(anonymous_0)
FN:40,(anonymous_1)
FNF:2
FNH:2
FNDA:4,(anonymous_0)
FNDA:5,(anonymous_1)
DA:1,2
DA:2,2
DA:3,2
DA:4,2
DA:6,2
DA:8,2
DA:10,2
DA:17,2
DA:25,4
DA:31,2
DA:40,5
DA:47,2
DA:53,2
DA:59,2
LF:14
LH:14
BRF:0
BRH:0
end_of_record
TN:
SF:src\server.ts
FN:6,(anonymous_1)
FN:27,(anonymous_2)
FNF:2
FNH:2
FNDA:3,(anonymous_1)
FNDA:1,(anonymous_2)
DA:1,2
DA:2,2
DA:3,2
DA:4,2
DA:6,2
DA:7,3
DA:8,3
DA:9,2
DA:12,1
DA:17,2
DA:20,2
DA:23,2
DA:25,2
DA:27,2
DA:28,1
DA:31,2
LF:16
LH:16
BRF:0
BRH:0
end_of_record
TN:
SF:src\config\db.ts
FNF:0
FNH:0
DA:1,2
DA:2,2
DA:4,2
DA:6,2
DA:11,2
LF:5
LH:5
BRF:0
BRH:0
end_of_record
TN:
SF:src\handlers\product.ts
FN:4,(anonymous_1)
FN:13,(anonymous_2)
FN:29,(anonymous_3)
FN:36,(anonymous_4)
FN:56,(anonymous_5)
FN:76,(anonymous_6)
FNF:6
FNH:6
FNDA:2,(anonymous_1)
FNDA:2,(anonymous_2)
FNDA:1,(anonymous_3)
FNDA:2,(anonymous_4)
FNDA:2,(anonymous_5)
FNDA:2,(anonymous_6)
DA:2,2
DA:4,2
DA:5,2
DA:10,2
DA:13,2
DA:15,2
DA:16,2
DA:18,2
DA:19,1
DA:22,1
DA:25,1
DA:29,2
DA:31,1
DA:32,1
DA:36,2
DA:38,2
DA:39,2
DA:41,2
DA:42,1
DA:45,1
DA:49,1
DA:50,1
DA:52,1
DA:56,2
DA:58,2
DA:59,2
DA:61,2
DA:62,1
DA:65,1
DA:69,1
DA:70,1
DA:72,1
DA:76,2
DA:78,2
DA:79,2
DA:81,2
DA:82,1
DA:85,1
DA:88,1
DA:89,1
LF:40
LH:40
BRDA:18,0,0,1
BRDA:41,1,0,1
BRDA:61,2,0,1
BRDA:81,3,0,1
BRF:4
BRH:4
end_of_record
TN:
SF:src\middleware\index.ts
FN:4,(anonymous_0)
FNF:1
FNH:1
FNDA:16,(anonymous_0)
DA:2,2
DA:4,2
DA:6,16
DA:8,16
DA:9,7
DA:10,7
DA:13,9
LF:7
LH:7
BRDA:8,0,0,7
BRF:1
BRH:1
end_of_record
TN:
SF:src\models\Product.model.ts
FNF:0
FNH:0
DA:1,3
DA:7,3
DA:12,3
DA:17,3
DA:24,3
DA:28,3
LF:6
LH:6
BRF:0
BRH:0
end_of_record
